# JRE version: OpenJDK Runtime Environment Corretto-17.0.8.8.1 (17.0.8.1+8) (build 17.0.8.1+8-LTS)
# Java VM: OpenJDK 64-Bit Server VM Corretto-17.0.8.8.1 (17.0.8.1+8-LTS, mixed mode, emulated-client, sharing, tiered, compressed oops, compressed class ptrs, g1 gc, windows-amd64)
GC Precious Log:
 CPUs: 4 total, 4 available
 Memory: 8065M
 Large Page Support: Disabled
 NUMA Support: Disabled
 Compressed Oops: Enabled (32-bit)
 Heap Region Size: 1M
 Heap Min Capacity: 8M
 Heap Initial Capacity: 128M
 Heap Max Capacity: 2018M
 Pre-touch: Disabled
 Parallel Workers: 4
 Concurrent Workers: 1
 Concurrent Refinement Workers: 4
 Periodic GC: Disabled
Heap:
 garbage-first heap   total 64512K, used 21601K [0x0000000081e00000, 0x0000000100000000)
  region size 1024K, 2 young (2048K), 2 survivors (2048K)
 Metaspace       used 49342K, committed 49920K, reserved 1114112K
  class space    used 7113K, committed 7360K, reserved 1048576K
GC Heap History (20 events):
Event: 1.943 GC heap after
{Heap after GC invocations=2 (full 0):
 garbage-first heap   total 131072K, used 7597K [0x0000000081e00000, 0x0000000100000000)
  region size 1024K, 1 young (1024K), 1 survivors (1024K)
 Metaspace       used 7191K, committed 7424K, reserved 1114112K
  class space    used 902K, committed 1024K, reserved 1048576K
}
Event: 2.560 GC heap before
{Heap before GC invocations=2 (full 0):
 garbage-first heap   total 131072K, used 30125K [0x0000000081e00000, 0x0000000100000000)
  region size 1024K, 24 young (24576K), 1 survivors (1024K)
 Metaspace       used 12377K, committed 12544K, reserved 1114112K
  class space    used 1641K, committed 1728K, reserved 1048576K
}
Event: 2.563 GC heap after
{Heap after GC invocations=3 (full 0):
 garbage-first heap   total 131072K, used 9121K [0x0000000081e00000, 0x0000000100000000)
  region size 1024K, 3 young (3072K), 3 survivors (3072K)
 Metaspace       used 12377K, committed 12544K, reserved 1114112K
  class space    used 1641K, committed 1728K, reserved 1048576K
}
Event: 3.937 GC heap before
{Heap before GC invocations=3 (full 0):
 garbage-first heap   total 131072K, used 72609K [0x0000000081e00000, 0x0000000100000000)
  region size 1024K, 66 young (67584K), 3 survivors (3072K)
 Metaspace       used 21262K, committed 21504K, reserved 1114112K
  class space    used 2889K, committed 3008K, reserved 1048576K
}
Event: 3.949 GC heap after
{Heap after GC invocations=4 (full 0):
 garbage-first heap   total 131072K, used 13482K [0x0000000081e00000, 0x0000000100000000)
  region size 1024K, 7 young (7168K), 7 survivors (7168K)
 Metaspace       used 21262K, committed 21504K, reserved 1114112K
  class space    used 2889K, committed 3008K, reserved 1048576K
}
Event: 4.649 GC heap before
{Heap before GC invocations=5 (full 0):
 garbage-first heap   total 51200K, used 40106K [0x0000000081e00000, 0x0000000100000000)
  region size 1024K, 34 young (34816K), 7 survivors (7168K)
 Metaspace       used 25926K, committed 26304K, reserved 1114112K
  class space    used 3596K, committed 3776K, reserved 1048576K
}
Event: 4.662 GC heap after
{Heap after GC invocations=6 (full 0):
 garbage-first heap   total 52224K, used 16528K [0x0000000081e00000, 0x0000000100000000)
  region size 1024K, 8 young (8192K), 8 survivors (8192K)
 Metaspace       used 25926K, committed 26304K, reserved 1114112K
  class space    used 3596K, committed 3776K, reserved 1048576K
}
Event: 4.669 GC heap before
{Heap before GC invocations=6 (full 0):
 garbage-first heap   total 52224K, used 16528K [0x0000000081e00000, 0x0000000100000000)
  region size 1024K, 9 young (9216K), 8 survivors (8192K)
 Metaspace       used 25942K, committed 26368K, reserved 1114112K
  class space    used 3598K, committed 3776K, reserved 1048576K
}
Event: 4.678 GC heap after
{Heap after GC invocations=7 (full 0):
 garbage-first heap   total 52224K, used 17237K [0x0000000081e00000, 0x0000000100000000)
  region size 1024K, 2 young (2048K), 2 survivors (2048K)
 Metaspace       used 25942K, committed 26368K, reserved 1114112K
  class space    used 3598K, committed 3776K, reserved 1048576K
}
Event: 5.114 GC heap before
{Heap before GC invocations=7 (full 0):
 garbage-first heap   total 52224K, used 34645K [0x0000000081e00000, 0x0000000100000000)
  region size 1024K, 20 young (20480K), 2 survivors (2048K)
 Metaspace       used 28520K, committed 28992K, reserved 1114112K
  class space    used 3928K, committed 4160K, reserved 1048576K
}
Event: 5.117 GC heap after
{Heap after GC invocations=8 (full 0):
 garbage-first heap   total 52224K, used 17076K [0x0000000081e00000, 0x0000000100000000)
  region size 1024K, 2 young (2048K), 2 survivors (2048K)
 Metaspace       used 28520K, committed 28992K, reserved 1114112K
  class space    used 3928K, committed 4160K, reserved 1048576K
}
Event: 5.653 GC heap before
{Heap before GC invocations=8 (full 0):
 garbage-first heap   total 52224K, used 36532K [0x0000000081e00000, 0x0000000100000000)
  region size 1024K, 21 young (21504K), 2 survivors (2048K)
 Metaspace       used 33340K, committed 33792K, reserved 1114112K
  class space    used 4712K, committed 4928K, reserved 1048576K
}
Event: 5.656 GC heap after
{Heap after GC invocations=9 (full 0):
 garbage-first heap   total 52224K, used 17913K [0x0000000081e00000, 0x0000000100000000)
  region size 1024K, 2 young (2048K), 2 survivors (2048K)
 Metaspace       used 33340K, committed 33792K, reserved 1114112K
  class space    used 4712K, committed 4928K, reserved 1048576K
}
Event: 5.943 GC heap before
{Heap before GC invocations=9 (full 0):
 garbage-first heap   total 52224K, used 24057K [0x0000000081e00000, 0x0000000100000000)
  region size 1024K, 9 young (9216K), 2 survivors (2048K)
 Metaspace       used 35535K, committed 35968K, reserved 1114112K
  class space    used 4965K, committed 5184K, reserved 1048576K
}
Event: 5.948 GC heap after
{Heap after GC invocations=10 (full 0):
 garbage-first heap   total 52224K, used 18347K [0x0000000081e00000, 0x0000000100000000)
  region size 1024K, 2 young (2048K), 2 survivors (2048K)
 Metaspace       used 35535K, committed 35968K, reserved 1114112K
  class space    used 4965K, committed 5184K, reserved 1048576K
}
Event: 6.774 GC heap before
{Heap before GC invocations=11 (full 0):
 garbage-first heap   total 52224K, used 36779K [0x0000000081e00000, 0x0000000100000000)
  region size 1024K, 21 young (21504K), 2 survivors (2048K)
 Metaspace       used 40017K, committed 40448K, reserved 1114112K
  class space    used 5598K, committed 5824K, reserved 1048576K
}
Event: 6.779 GC heap after
{Heap after GC invocations=12 (full 0):
 garbage-first heap   total 52224K, used 19698K [0x0000000081e00000, 0x0000000100000000)
  region size 1024K, 3 young (3072K), 3 survivors (3072K)
 Metaspace       used 40017K, committed 40448K, reserved 1114112K
  class space    used 5598K, committed 5824K, reserved 1048576K
}
Event: 7.338 GC heap before
{Heap before GC invocations=13 (full 0):
 garbage-first heap   total 52224K, used 38130K [0x0000000081e00000, 0x0000000100000000)
  region size 1024K, 22 young (22528K), 3 survivors (3072K)
 Metaspace       used 45808K, committed 46272K, reserved 1114112K
  class space    used 6533K, committed 6720K, reserved 1048576K
}
Event: 7.343 GC heap after
{Heap after GC invocations=14 (full 0):
 garbage-first heap   total 52224K, used 20736K [0x0000000081e00000, 0x0000000100000000)
  region size 1024K, 3 young (3072K), 3 survivors (3072K)
 Metaspace       used 45808K, committed 46272K, reserved 1114112K
  class space    used 6533K, committed 6720K, reserved 1048576K
}
Event: 7.858 GC heap before
{Heap before GC invocations=14 (full 0):
 garbage-first heap   total 52224K, used 40192K [0x0000000081e00000, 0x0000000100000000)
  region size 1024K, 22 young (22528K), 3 survivors (3072K)
 Metaspace       used 49342K, committed 49920K, reserved 1114112K
  class space    used 7113K, committed 7360K, reserved 1048576K
}

